<?xml version="1.0" encoding="UTF-8"?>
<!-- Generated by org.testng.reporters.JUnitXMLReporter -->
<testsuite ignored="40" hostname="HCLLMDU0249" failures="0" tests="21" name="Test" time="470.532" errors="0" timestamp="2024-12-15T16:28:15 IST">
  <testcase classname="Test.TC_001_LoginButtonCheck_TestCase" name="loginbuttoncheck" time="0.229"/>
  <testcase classname="Test.TC_002_LoginSuccessfullCheck_TestCase" name="loginconfirmation" time="5.16"/>
  <testcase classname="Test.TC_003_LoginWrongIDpassCheck_TestCase" name="wrongidpasscheckTestCase" time="3.844"/>
  <testcase classname="Test.TC_004_LoginSwitchtoSearchHotel_TestCase" name="switchtosearchhotelTestCase" time="3.611"/>
  <testcase classname="Test.TC_005_HotelSearchMandatoryFileds_TestCase" name="mandatoryfields" time="7.095"/>
  <testcase classname="Test.TC_006_HotelSearchResetHCheck_TestCase" name="resetbuttoncheckTestCase" time="6.998"/>
  <testcase classname="Test.TC_007_HotelSelectandBook_TestCase" name="selectinghotelTestCase" time="6.187"/>
  <testcase classname="Test.TC_008_HotelBookingDetails_TestCase" name="bookingdetailsTestCase" time="22.103"/>
  <testcase classname="Test.TC_009_HotelBookingConfirmation_TestCase" name="bookingconfirmationTestCase" time="18.219"/>
  <testcase classname="Test.TC_010_HomeScreen_ForgotPasswordLinkCheck_TestCase" name="forgotpasswordcheckTestCase" time="0.207"/>
  <testcase classname="Test.TC_011_HomeScreen_Switchtoforgotpass_TestCase" name="forgotpassSwitchTestCase" time="3.384"/>
  <testcase classname="Test.TC_014_BookedScreen_Removeone_TestCase" name="cancelselectedTestCase" time="5.181"/>
  <testcase classname="Test.TC_015_BookedToSearchHotel_TestCase" name="switchtoSearchHotelTestCase" time="4.986"/>
  <testcase classname="Test.TC_016_BookedToSearchHotelVerification_TestCase" name="switchtosearchcheck" time="5.689"/>
  <testcase classname="Test.TC_017_ChangePassSwitch_TestCase" name="changepasswordswitchTestCase" time="4.473"/>
  <testcase classname="Test.TC_018_ChangePass_DetailsCheck_TestCase" name="changepassdetailsCheckTestCase" time="11.68"/>
  <testcase classname="Test.TC_019_Changepass_Wrongconfirmpass_TestCase" name="WrongconfirmpassCheckTestCase" time="5.49"/>
  <testcase classname="Test.TC_020_ChangePass_PassChangeConfirmation_TestCase" name="WrongconfirmpassVerificationTestCase" time="13.069"/>
  <testcase classname="Test.TC_021_ChangePass_AfterChangelogin_TestCase" name="afterchangepassloginTestCase" time="4.666"/>
  <testcase classname="Test.TC_022_HomeScreen_Logout_TestCase" name="afterloginlogoutcheckTestCase" time="6.555"/>
  <testcase classname="Test.TC_023_BookedCompleteClear_TestCase" name="clearallBooked" time="6.244"/>
  <testcase classname="Base.SpecificationHotelBooking" name="@BeforeSuite reportinitial" time="0.0">
    <ignored/>
  </testcase> <!-- @BeforeSuite reportinitial -->
  <testcase classname="Base.SpecificationHotelBooking" name="@BeforeSuite reportinitial" time="0.0">
    <ignored/>
  </testcase> <!-- @BeforeSuite reportinitial -->
  <testcase classname="Base.SpecificationHotelBooking" name="@BeforeSuite reportinitial" time="0.0">
    <ignored/>
  </testcase> <!-- @BeforeSuite reportinitial -->
  <testcase classname="Base.SpecificationHotelBooking" name="@BeforeSuite reportinitial" time="0.0">
    <ignored/>
  </testcase> <!-- @BeforeSuite reportinitial -->
  <testcase classname="Base.SpecificationHotelBooking" name="@BeforeSuite reportinitial" time="0.0">
    <ignored/>
  </testcase> <!-- @BeforeSuite reportinitial -->
  <testcase classname="Base.SpecificationHotelBooking" name="@BeforeSuite reportinitial" time="0.0">
    <ignored/>
  </testcase> <!-- @BeforeSuite reportinitial -->
  <testcase classname="Base.SpecificationHotelBooking" name="@BeforeSuite reportinitial" time="0.0">
    <ignored/>
  </testcase> <!-- @BeforeSuite reportinitial -->
  <testcase classname="Base.SpecificationHotelBooking" name="@BeforeSuite reportinitial" time="0.0">
    <ignored/>
  </testcase> <!-- @BeforeSuite reportinitial -->
  <testcase classname="Base.SpecificationHotelBooking" name="@BeforeSuite reportinitial" time="0.0">
    <ignored/>
  </testcase> <!-- @BeforeSuite reportinitial -->
  <testcase classname="Base.SpecificationHotelBooking" name="@BeforeSuite reportinitial" time="0.0">
    <ignored/>
  </testcase> <!-- @BeforeSuite reportinitial -->
  <testcase classname="Base.SpecificationHotelBooking" name="@BeforeSuite reportinitial" time="0.0">
    <ignored/>
  </testcase> <!-- @BeforeSuite reportinitial -->
  <testcase classname="Base.SpecificationHotelBooking" name="@BeforeSuite reportinitial" time="0.0">
    <ignored/>
  </testcase> <!-- @BeforeSuite reportinitial -->
  <testcase classname="Base.SpecificationHotelBooking" name="@BeforeSuite reportinitial" time="0.0">
    <ignored/>
  </testcase> <!-- @BeforeSuite reportinitial -->
  <testcase classname="Base.SpecificationHotelBooking" name="@BeforeSuite reportinitial" time="0.0">
    <ignored/>
  </testcase> <!-- @BeforeSuite reportinitial -->
  <testcase classname="Base.SpecificationHotelBooking" name="@BeforeSuite reportinitial" time="0.0">
    <ignored/>
  </testcase> <!-- @BeforeSuite reportinitial -->
  <testcase classname="Base.SpecificationHotelBooking" name="@BeforeSuite reportinitial" time="0.0">
    <ignored/>
  </testcase> <!-- @BeforeSuite reportinitial -->
  <testcase classname="Base.SpecificationHotelBooking" name="@BeforeSuite reportinitial" time="0.0">
    <ignored/>
  </testcase> <!-- @BeforeSuite reportinitial -->
  <testcase classname="Base.SpecificationHotelBooking" name="@BeforeSuite reportinitial" time="0.0">
    <ignored/>
  </testcase> <!-- @BeforeSuite reportinitial -->
  <testcase classname="Base.SpecificationHotelBooking" name="@BeforeSuite reportinitial" time="0.0">
    <ignored/>
  </testcase> <!-- @BeforeSuite reportinitial -->
  <testcase classname="Base.SpecificationHotelBooking" name="@BeforeSuite reportinitial" time="0.0">
    <ignored/>
  </testcase> <!-- @BeforeSuite reportinitial -->
  <testcase classname="Base.SpecificationHotelBooking" name="@AfterSuite reportclose" time="0.0">
    <ignored/>
  </testcase> <!-- @AfterSuite reportclose -->
  <testcase classname="Base.SpecificationHotelBooking" name="@AfterSuite reportclose" time="0.0">
    <ignored/>
  </testcase> <!-- @AfterSuite reportclose -->
  <testcase classname="Base.SpecificationHotelBooking" name="@AfterSuite reportclose" time="0.0">
    <ignored/>
  </testcase> <!-- @AfterSuite reportclose -->
  <testcase classname="Base.SpecificationHotelBooking" name="@AfterSuite reportclose" time="0.0">
    <ignored/>
  </testcase> <!-- @AfterSuite reportclose -->
  <testcase classname="Base.SpecificationHotelBooking" name="@AfterSuite reportclose" time="0.0">
    <ignored/>
  </testcase> <!-- @AfterSuite reportclose -->
  <testcase classname="Base.SpecificationHotelBooking" name="@AfterSuite reportclose" time="0.0">
    <ignored/>
  </testcase> <!-- @AfterSuite reportclose -->
  <testcase classname="Base.SpecificationHotelBooking" name="@AfterSuite reportclose" time="0.0">
    <ignored/>
  </testcase> <!-- @AfterSuite reportclose -->
  <testcase classname="Base.SpecificationHotelBooking" name="@AfterSuite reportclose" time="0.0">
    <ignored/>
  </testcase> <!-- @AfterSuite reportclose -->
  <testcase classname="Base.SpecificationHotelBooking" name="@AfterSuite reportclose" time="0.0">
    <ignored/>
  </testcase> <!-- @AfterSuite reportclose -->
  <testcase classname="Base.SpecificationHotelBooking" name="@AfterSuite reportclose" time="0.0">
    <ignored/>
  </testcase> <!-- @AfterSuite reportclose -->
  <testcase classname="Base.SpecificationHotelBooking" name="@AfterSuite reportclose" time="0.0">
    <ignored/>
  </testcase> <!-- @AfterSuite reportclose -->
  <testcase classname="Base.SpecificationHotelBooking" name="@AfterSuite reportclose" time="0.0">
    <ignored/>
  </testcase> <!-- @AfterSuite reportclose -->
  <testcase classname="Base.SpecificationHotelBooking" name="@AfterSuite reportclose" time="0.0">
    <ignored/>
  </testcase> <!-- @AfterSuite reportclose -->
  <testcase classname="Base.SpecificationHotelBooking" name="@AfterSuite reportclose" time="0.0">
    <ignored/>
  </testcase> <!-- @AfterSuite reportclose -->
  <testcase classname="Base.SpecificationHotelBooking" name="@AfterSuite reportclose" time="0.0">
    <ignored/>
  </testcase> <!-- @AfterSuite reportclose -->
  <testcase classname="Base.SpecificationHotelBooking" name="@AfterSuite reportclose" time="0.0">
    <ignored/>
  </testcase> <!-- @AfterSuite reportclose -->
  <testcase classname="Base.SpecificationHotelBooking" name="@AfterSuite reportclose" time="0.0">
    <ignored/>
  </testcase> <!-- @AfterSuite reportclose -->
  <testcase classname="Base.SpecificationHotelBooking" name="@AfterSuite reportclose" time="0.0">
    <ignored/>
  </testcase> <!-- @AfterSuite reportclose -->
  <testcase classname="Base.SpecificationHotelBooking" name="@AfterSuite reportclose" time="0.0">
    <ignored/>
  </testcase> <!-- @AfterSuite reportclose -->
  <testcase classname="Base.SpecificationHotelBooking" name="@AfterSuite reportclose" time="0.0">
    <ignored/>
  </testcase> <!-- @AfterSuite reportclose -->
</testsuite> <!-- Test -->
