<?xml version="1.0" encoding="UTF-8"?>
<testng-results ignored="40" total="61" passed="21" failed="0" skipped="0">
  <reporter-output>
  </reporter-output>
  <suite started-at="2024-12-15T16:20:24 IST" name="Suite" finished-at="2024-12-15T16:28:15 IST" duration-ms="470532">
    <groups>
    </groups>
    <test started-at="2024-12-15T16:20:24 IST" name="Test" finished-at="2024-12-15T16:28:15 IST" duration-ms="470532">
      <class name="Test.TC_017_ChangePassSwitch_TestCase">
        <test-method is-config="true" signature="readfile()[pri:0, instance:Test.TC_017_ChangePassSwitch_TestCase@7c7b252e]" started-at="2024-12-15T16:20:24 IST" name="readfile" finished-at="2024-12-15T16:20:24 IST" duration-ms="1" status="PASS">
          <reporter-output>
          </reporter-output>
        </test-method> <!-- readfile -->
        <test-method is-config="true" signature="testdetails()[pri:0, instance:Test.TC_017_ChangePassSwitch_TestCase@7c7b252e]" started-at="2024-12-15T16:25:38 IST" name="testdetails" finished-at="2024-12-15T16:25:38 IST" duration-ms="1" status="PASS">
          <reporter-output>
          </reporter-output>
        </test-method> <!-- testdetails -->
        <test-method is-config="true" signature="openBookingSite()[pri:0, instance:Test.TC_017_ChangePassSwitch_TestCase@7c7b252e]" started-at="2024-12-15T16:25:38 IST" name="openBookingSite" finished-at="2024-12-15T16:25:52 IST" duration-ms="13765" status="PASS">
          <reporter-output>
          </reporter-output>
        </test-method> <!-- openBookingSite -->
        <test-method signature="changepasswordswitchTestCase()[pri:0, instance:Test.TC_017_ChangePassSwitch_TestCase@7c7b252e]" started-at="2024-12-15T16:25:52 IST" name="changepasswordswitchTestCase" finished-at="2024-12-15T16:25:57 IST" duration-ms="4473" status="PASS">
          <reporter-output>
          </reporter-output>
        </test-method> <!-- changepasswordswitchTestCase -->
        <test-method is-config="true" signature="closeBookingSite()[pri:0, instance:Test.TC_017_ChangePassSwitch_TestCase@7c7b252e]" started-at="2024-12-15T16:25:57 IST" name="closeBookingSite" finished-at="2024-12-15T16:25:58 IST" duration-ms="782" status="PASS">
          <reporter-output>
          </reporter-output>
        </test-method> <!-- closeBookingSite -->
      </class> <!-- Test.TC_017_ChangePassSwitch_TestCase -->
      <class name="Test.TC_021_ChangePass_AfterChangelogin_TestCase">
        <test-method is-config="true" signature="readfile()[pri:0, instance:Test.TC_021_ChangePass_AfterChangelogin_TestCase@692f203f]" started-at="2024-12-15T16:20:24 IST" name="readfile" finished-at="2024-12-15T16:20:24 IST" duration-ms="3" status="PASS">
          <reporter-output>
          </reporter-output>
        </test-method> <!-- readfile -->
        <test-method is-config="true" signature="testdetails()[pri:0, instance:Test.TC_021_ChangePass_AfterChangelogin_TestCase@692f203f]" started-at="2024-12-15T16:27:16 IST" name="testdetails" finished-at="2024-12-15T16:27:16 IST" duration-ms="1" status="PASS">
          <reporter-output>
          </reporter-output>
        </test-method> <!-- testdetails -->
        <test-method is-config="true" signature="openBookingSite()[pri:0, instance:Test.TC_021_ChangePass_AfterChangelogin_TestCase@692f203f]" started-at="2024-12-15T16:27:16 IST" name="openBookingSite" finished-at="2024-12-15T16:27:27 IST" duration-ms="11293" status="PASS">
          <reporter-output>
          </reporter-output>
        </test-method> <!-- openBookingSite -->
        <test-method signature="afterchangepassloginTestCase()[pri:0, instance:Test.TC_021_ChangePass_AfterChangelogin_TestCase@692f203f]" started-at="2024-12-15T16:27:27 IST" name="afterchangepassloginTestCase" finished-at="2024-12-15T16:27:32 IST" duration-ms="4666" status="PASS">
          <reporter-output>
          </reporter-output>
        </test-method> <!-- afterchangepassloginTestCase -->
        <test-method is-config="true" signature="closeBookingSite()[pri:0, instance:Test.TC_021_ChangePass_AfterChangelogin_TestCase@692f203f]" started-at="2024-12-15T16:27:32 IST" name="closeBookingSite" finished-at="2024-12-15T16:27:34 IST" duration-ms="1141" status="PASS">
          <reporter-output>
          </reporter-output>
        </test-method> <!-- closeBookingSite -->
      </class> <!-- Test.TC_021_ChangePass_AfterChangelogin_TestCase -->
      <class name="Test.TC_007_HotelSelectandBook_TestCase">
        <test-method is-config="true" signature="readfile()[pri:0, instance:Test.TC_007_HotelSelectandBook_TestCase@4135c3b]" started-at="2024-12-15T16:20:24 IST" name="readfile" finished-at="2024-12-15T16:20:24 IST" duration-ms="1" status="PASS">
          <reporter-output>
          </reporter-output>
        </test-method> <!-- readfile -->
        <test-method is-config="true" signature="testdetails()[pri:0, instance:Test.TC_007_HotelSelectandBook_TestCase@4135c3b]" started-at="2024-12-15T16:22:28 IST" name="testdetails" finished-at="2024-12-15T16:22:28 IST" duration-ms="1" status="PASS">
          <reporter-output>
          </reporter-output>
        </test-method> <!-- testdetails -->
        <test-method is-config="true" signature="openBookingSite()[pri:0, instance:Test.TC_007_HotelSelectandBook_TestCase@4135c3b]" started-at="2024-12-15T16:22:28 IST" name="openBookingSite" finished-at="2024-12-15T16:22:40 IST" duration-ms="11279" status="PASS">
          <reporter-output>
          </reporter-output>
        </test-method> <!-- openBookingSite -->
        <test-method signature="selectinghotelTestCase()[pri:0, instance:Test.TC_007_HotelSelectandBook_TestCase@4135c3b]" started-at="2024-12-15T16:22:40 IST" name="selectinghotelTestCase" finished-at="2024-12-15T16:22:46 IST" duration-ms="6187" status="PASS">
          <reporter-output>
          </reporter-output>
        </test-method> <!-- selectinghotelTestCase -->
        <test-method is-config="true" signature="closeBookingSite()[pri:0, instance:Test.TC_007_HotelSelectandBook_TestCase@4135c3b]" started-at="2024-12-15T16:22:46 IST" name="closeBookingSite" finished-at="2024-12-15T16:22:48 IST" duration-ms="1200" status="PASS">
          <reporter-output>
          </reporter-output>
        </test-method> <!-- closeBookingSite -->
      </class> <!-- Test.TC_007_HotelSelectandBook_TestCase -->
      <class name="Test.TC_004_LoginSwitchtoSearchHotel_TestCase">
        <test-method is-config="true" signature="readfile()[pri:0, instance:Test.TC_004_LoginSwitchtoSearchHotel_TestCase@313ac989]" started-at="2024-12-15T16:20:24 IST" name="readfile" finished-at="2024-12-15T16:20:24 IST" duration-ms="1" status="PASS">
          <reporter-output>
          </reporter-output>
        </test-method> <!-- readfile -->
        <test-method is-config="true" signature="testdetails()[pri:0, instance:Test.TC_004_LoginSwitchtoSearchHotel_TestCase@313ac989]" started-at="2024-12-15T16:21:25 IST" name="testdetails" finished-at="2024-12-15T16:21:25 IST" duration-ms="1" status="PASS">
          <reporter-output>
          </reporter-output>
        </test-method> <!-- testdetails -->
        <test-method is-config="true" signature="openBookingSite()[pri:0, instance:Test.TC_004_LoginSwitchtoSearchHotel_TestCase@313ac989]" started-at="2024-12-15T16:21:25 IST" name="openBookingSite" finished-at="2024-12-15T16:21:44 IST" duration-ms="19057" status="PASS">
          <reporter-output>
          </reporter-output>
        </test-method> <!-- openBookingSite -->
        <test-method signature="switchtosearchhotelTestCase()[pri:0, instance:Test.TC_004_LoginSwitchtoSearchHotel_TestCase@313ac989]" started-at="2024-12-15T16:21:44 IST" name="switchtosearchhotelTestCase" finished-at="2024-12-15T16:21:47 IST" duration-ms="3611" status="PASS">
          <reporter-output>
          </reporter-output>
        </test-method> <!-- switchtosearchhotelTestCase -->
        <test-method is-config="true" signature="closeBookingSite()[pri:0, instance:Test.TC_004_LoginSwitchtoSearchHotel_TestCase@313ac989]" started-at="2024-12-15T16:21:48 IST" name="closeBookingSite" finished-at="2024-12-15T16:21:49 IST" duration-ms="845" status="PASS">
          <reporter-output>
          </reporter-output>
        </test-method> <!-- closeBookingSite -->
      </class> <!-- Test.TC_004_LoginSwitchtoSearchHotel_TestCase -->
      <class name="Test.TC_016_BookedToSearchHotelVerification_TestCase">
        <test-method is-config="true" signature="readfile()[pri:0, instance:Test.TC_016_BookedToSearchHotelVerification_TestCase@7cc0cdad]" started-at="2024-12-15T16:20:24 IST" name="readfile" finished-at="2024-12-15T16:20:24 IST" duration-ms="1" status="PASS">
          <reporter-output>
          </reporter-output>
        </test-method> <!-- readfile -->
        <test-method is-config="true" signature="testdetails()[pri:0, instance:Test.TC_016_BookedToSearchHotelVerification_TestCase@7cc0cdad]" started-at="2024-12-15T16:25:18 IST" name="testdetails" finished-at="2024-12-15T16:25:18 IST" duration-ms="1" status="PASS">
          <reporter-output>
          </reporter-output>
        </test-method> <!-- testdetails -->
        <test-method is-config="true" signature="openBookingSite()[pri:0, instance:Test.TC_016_BookedToSearchHotelVerification_TestCase@7cc0cdad]" started-at="2024-12-15T16:25:18 IST" name="openBookingSite" finished-at="2024-12-15T16:25:31 IST" duration-ms="12639" status="PASS">
          <reporter-output>
          </reporter-output>
        </test-method> <!-- openBookingSite -->
        <test-method signature="switchtosearchcheck()[pri:0, instance:Test.TC_016_BookedToSearchHotelVerification_TestCase@7cc0cdad]" started-at="2024-12-15T16:25:31 IST" name="switchtosearchcheck" finished-at="2024-12-15T16:25:37 IST" duration-ms="5689" status="PASS">
          <reporter-output>
          </reporter-output>
        </test-method> <!-- switchtosearchcheck -->
        <test-method is-config="true" signature="closeBookingSite()[pri:0, instance:Test.TC_016_BookedToSearchHotelVerification_TestCase@7cc0cdad]" started-at="2024-12-15T16:25:37 IST" name="closeBookingSite" finished-at="2024-12-15T16:25:38 IST" duration-ms="1298" status="PASS">
          <reporter-output>
          </reporter-output>
        </test-method> <!-- closeBookingSite -->
      </class> <!-- Test.TC_016_BookedToSearchHotelVerification_TestCase -->
      <class name="Test.TC_003_LoginWrongIDpassCheck_TestCase">
        <test-method is-config="true" signature="readfile()[pri:0, instance:Test.TC_003_LoginWrongIDpassCheck_TestCase@3023df74]" started-at="2024-12-15T16:20:24 IST" name="readfile" finished-at="2024-12-15T16:20:24 IST" duration-ms="1" status="PASS">
          <reporter-output>
          </reporter-output>
        </test-method> <!-- readfile -->
        <test-method is-config="true" signature="testdetails()[pri:0, instance:Test.TC_003_LoginWrongIDpassCheck_TestCase@3023df74]" started-at="2024-12-15T16:21:00 IST" name="testdetails" finished-at="2024-12-15T16:21:00 IST" duration-ms="1" status="PASS">
          <reporter-output>
          </reporter-output>
        </test-method> <!-- testdetails -->
        <test-method is-config="true" signature="openBookingSite()[pri:0, instance:Test.TC_003_LoginWrongIDpassCheck_TestCase@3023df74]" started-at="2024-12-15T16:21:00 IST" name="openBookingSite" finished-at="2024-12-15T16:21:17 IST" duration-ms="17449" status="PASS">
          <reporter-output>
          </reporter-output>
        </test-method> <!-- openBookingSite -->
        <test-method signature="wrongidpasscheckTestCase()[pri:0, instance:Test.TC_003_LoginWrongIDpassCheck_TestCase@3023df74]" started-at="2024-12-15T16:21:17 IST" name="wrongidpasscheckTestCase" finished-at="2024-12-15T16:21:21 IST" duration-ms="3844" status="PASS">
          <reporter-output>
          </reporter-output>
        </test-method> <!-- wrongidpasscheckTestCase -->
        <test-method is-config="true" signature="closeBookingSite()[pri:0, instance:Test.TC_003_LoginWrongIDpassCheck_TestCase@3023df74]" started-at="2024-12-15T16:21:22 IST" name="closeBookingSite" finished-at="2024-12-15T16:21:25 IST" duration-ms="2378" status="PASS">
          <reporter-output>
          </reporter-output>
        </test-method> <!-- closeBookingSite -->
      </class> <!-- Test.TC_003_LoginWrongIDpassCheck_TestCase -->
      <class name="Test.TC_018_ChangePass_DetailsCheck_TestCase">
        <test-method is-config="true" signature="readfile()[pri:0, instance:Test.TC_018_ChangePass_DetailsCheck_TestCase@4d5d943d]" started-at="2024-12-15T16:20:24 IST" name="readfile" finished-at="2024-12-15T16:20:24 IST" duration-ms="7" status="PASS">
          <reporter-output>
          </reporter-output>
        </test-method> <!-- readfile -->
        <test-method is-config="true" signature="testdetails()[pri:0, instance:Test.TC_018_ChangePass_DetailsCheck_TestCase@4d5d943d]" started-at="2024-12-15T16:25:58 IST" name="testdetails" finished-at="2024-12-15T16:25:58 IST" duration-ms="2" status="PASS">
          <reporter-output>
          </reporter-output>
        </test-method> <!-- testdetails -->
        <test-method is-config="true" signature="openBookingSite()[pri:0, instance:Test.TC_018_ChangePass_DetailsCheck_TestCase@4d5d943d]" started-at="2024-12-15T16:25:58 IST" name="openBookingSite" finished-at="2024-12-15T16:26:08 IST" duration-ms="10399" status="PASS">
          <reporter-output>
          </reporter-output>
        </test-method> <!-- openBookingSite -->
        <test-method signature="changepassdetailsCheckTestCase()[pri:0, instance:Test.TC_018_ChangePass_DetailsCheck_TestCase@4d5d943d]" started-at="2024-12-15T16:26:08 IST" name="changepassdetailsCheckTestCase" finished-at="2024-12-15T16:26:20 IST" duration-ms="11680" status="PASS">
          <reporter-output>
          </reporter-output>
        </test-method> <!-- changepassdetailsCheckTestCase -->
        <test-method is-config="true" signature="closeBookingSite()[pri:0, instance:Test.TC_018_ChangePass_DetailsCheck_TestCase@4d5d943d]" started-at="2024-12-15T16:26:21 IST" name="closeBookingSite" finished-at="2024-12-15T16:26:22 IST" duration-ms="1715" status="PASS">
          <reporter-output>
          </reporter-output>
        </test-method> <!-- closeBookingSite -->
      </class> <!-- Test.TC_018_ChangePass_DetailsCheck_TestCase -->
      <class name="Test.TC_023_BookedCompleteClear_TestCase">
        <test-method is-config="true" signature="readfile()[pri:0, instance:Test.TC_023_BookedCompleteClear_TestCase@7b2bbc3]" started-at="2024-12-15T16:20:24 IST" name="readfile" finished-at="2024-12-15T16:20:24 IST" duration-ms="2" status="PASS">
          <reporter-output>
          </reporter-output>
        </test-method> <!-- readfile -->
        <test-method is-config="true" signature="testdetails()[pri:0, instance:Test.TC_023_BookedCompleteClear_TestCase@7b2bbc3]" started-at="2024-12-15T16:27:54 IST" name="testdetails" finished-at="2024-12-15T16:27:54 IST" duration-ms="0" status="PASS">
          <reporter-output>
          </reporter-output>
        </test-method> <!-- testdetails -->
        <test-method is-config="true" signature="openBookingSite()[pri:0, instance:Test.TC_023_BookedCompleteClear_TestCase@7b2bbc3]" started-at="2024-12-15T16:27:54 IST" name="openBookingSite" finished-at="2024-12-15T16:28:06 IST" duration-ms="11857" status="PASS">
          <reporter-output>
          </reporter-output>
        </test-method> <!-- openBookingSite -->
        <test-method signature="clearallBooked()[pri:0, instance:Test.TC_023_BookedCompleteClear_TestCase@7b2bbc3]" started-at="2024-12-15T16:28:06 IST" name="clearallBooked" finished-at="2024-12-15T16:28:12 IST" duration-ms="6244" status="PASS">
          <reporter-output>
          </reporter-output>
        </test-method> <!-- clearallBooked -->
        <test-method is-config="true" signature="closeBookingSite()[pri:0, instance:Test.TC_023_BookedCompleteClear_TestCase@7b2bbc3]" started-at="2024-12-15T16:28:14 IST" name="closeBookingSite" finished-at="2024-12-15T16:28:15 IST" duration-ms="898" status="PASS">
          <reporter-output>
          </reporter-output>
        </test-method> <!-- closeBookingSite -->
      </class> <!-- Test.TC_023_BookedCompleteClear_TestCase -->
      <class name="Test.TC_019_Changepass_Wrongconfirmpass_TestCase">
        <test-method is-config="true" signature="readfile()[pri:0, instance:Test.TC_019_Changepass_Wrongconfirmpass_TestCase@368f2016]" started-at="2024-12-15T16:20:24 IST" name="readfile" finished-at="2024-12-15T16:20:24 IST" duration-ms="4" status="PASS">
          <reporter-output>
          </reporter-output>
        </test-method> <!-- readfile -->
        <test-method is-config="true" signature="testdetails()[pri:0, instance:Test.TC_019_Changepass_Wrongconfirmpass_TestCase@368f2016]" started-at="2024-12-15T16:26:22 IST" name="testdetails" finished-at="2024-12-15T16:26:22 IST" duration-ms="1" status="PASS">
          <reporter-output>
          </reporter-output>
        </test-method> <!-- testdetails -->
        <test-method is-config="true" signature="openBookingSite()[pri:0, instance:Test.TC_019_Changepass_Wrongconfirmpass_TestCase@368f2016]" started-at="2024-12-15T16:26:22 IST" name="openBookingSite" finished-at="2024-12-15T16:26:42 IST" duration-ms="19307" status="PASS">
          <reporter-output>
          </reporter-output>
        </test-method> <!-- openBookingSite -->
        <test-method signature="WrongconfirmpassCheckTestCase()[pri:0, instance:Test.TC_019_Changepass_Wrongconfirmpass_TestCase@368f2016]" started-at="2024-12-15T16:26:42 IST" name="WrongconfirmpassCheckTestCase" finished-at="2024-12-15T16:26:47 IST" duration-ms="5490" status="PASS">
          <reporter-output>
          </reporter-output>
        </test-method> <!-- WrongconfirmpassCheckTestCase -->
        <test-method is-config="true" signature="closeBookingSite()[pri:0, instance:Test.TC_019_Changepass_Wrongconfirmpass_TestCase@368f2016]" started-at="2024-12-15T16:26:48 IST" name="closeBookingSite" finished-at="2024-12-15T16:26:49 IST" duration-ms="923" status="PASS">
          <reporter-output>
          </reporter-output>
        </test-method> <!-- closeBookingSite -->
      </class> <!-- Test.TC_019_Changepass_Wrongconfirmpass_TestCase -->
      <class name="Test.TC_006_HotelSearchResetHCheck_TestCase">
        <test-method is-config="true" signature="readfile()[pri:0, instance:Test.TC_006_HotelSearchResetHCheck_TestCase@2a65fe7c]" started-at="2024-12-15T16:20:24 IST" name="readfile" finished-at="2024-12-15T16:20:24 IST" duration-ms="2" status="PASS">
          <reporter-output>
          </reporter-output>
        </test-method> <!-- readfile -->
        <test-method is-config="true" signature="testdetails()[pri:0, instance:Test.TC_006_HotelSearchResetHCheck_TestCase@2a65fe7c]" started-at="2024-12-15T16:22:09 IST" name="testdetails" finished-at="2024-12-15T16:22:09 IST" duration-ms="1" status="PASS">
          <reporter-output>
          </reporter-output>
        </test-method> <!-- testdetails -->
        <test-method is-config="true" signature="openBookingSite()[pri:0, instance:Test.TC_006_HotelSearchResetHCheck_TestCase@2a65fe7c]" started-at="2024-12-15T16:22:09 IST" name="openBookingSite" finished-at="2024-12-15T16:22:20 IST" duration-ms="11115" status="PASS">
          <reporter-output>
          </reporter-output>
        </test-method> <!-- openBookingSite -->
        <test-method signature="resetbuttoncheckTestCase()[pri:0, instance:Test.TC_006_HotelSearchResetHCheck_TestCase@2a65fe7c]" started-at="2024-12-15T16:22:20 IST" name="resetbuttoncheckTestCase" finished-at="2024-12-15T16:22:27 IST" duration-ms="6998" status="PASS">
          <reporter-output>
          </reporter-output>
        </test-method> <!-- resetbuttoncheckTestCase -->
        <test-method is-config="true" signature="closeBookingSite()[pri:0, instance:Test.TC_006_HotelSearchResetHCheck_TestCase@2a65fe7c]" started-at="2024-12-15T16:22:28 IST" name="closeBookingSite" finished-at="2024-12-15T16:22:28 IST" duration-ms="782" status="PASS">
          <reporter-output>
          </reporter-output>
        </test-method> <!-- closeBookingSite -->
      </class> <!-- Test.TC_006_HotelSearchResetHCheck_TestCase -->
      <class name="Test.TC_010_HomeScreen_ForgotPasswordLinkCheck_TestCase">
        <test-method is-config="true" signature="readfile()[pri:0, instance:Test.TC_010_HomeScreen_ForgotPasswordLinkCheck_TestCase@5c6648b0]" started-at="2024-12-15T16:20:24 IST" name="readfile" finished-at="2024-12-15T16:20:24 IST" duration-ms="2" status="PASS">
          <reporter-output>
          </reporter-output>
        </test-method> <!-- readfile -->
        <test-method is-config="true" signature="testdetails()[pri:0, instance:Test.TC_010_HomeScreen_ForgotPasswordLinkCheck_TestCase@5c6648b0]" started-at="2024-12-15T16:24:11 IST" name="testdetails" finished-at="2024-12-15T16:24:11 IST" duration-ms="1" status="PASS">
          <reporter-output>
          </reporter-output>
        </test-method> <!-- testdetails -->
        <test-method is-config="true" signature="openBookingSite()[pri:0, instance:Test.TC_010_HomeScreen_ForgotPasswordLinkCheck_TestCase@5c6648b0]" started-at="2024-12-15T16:24:11 IST" name="openBookingSite" finished-at="2024-12-15T16:24:23 IST" duration-ms="11383" status="PASS">
          <reporter-output>
          </reporter-output>
        </test-method> <!-- openBookingSite -->
        <test-method signature="forgotpasswordcheckTestCase()[pri:0, instance:Test.TC_010_HomeScreen_ForgotPasswordLinkCheck_TestCase@5c6648b0]" started-at="2024-12-15T16:24:23 IST" name="forgotpasswordcheckTestCase" finished-at="2024-12-15T16:24:23 IST" duration-ms="207" status="PASS">
          <reporter-output>
          </reporter-output>
        </test-method> <!-- forgotpasswordcheckTestCase -->
        <test-method is-config="true" signature="closeBookingSite()[pri:0, instance:Test.TC_010_HomeScreen_ForgotPasswordLinkCheck_TestCase@5c6648b0]" started-at="2024-12-15T16:24:24 IST" name="closeBookingSite" finished-at="2024-12-15T16:24:25 IST" duration-ms="855" status="PASS">
          <reporter-output>
          </reporter-output>
        </test-method> <!-- closeBookingSite -->
      </class> <!-- Test.TC_010_HomeScreen_ForgotPasswordLinkCheck_TestCase -->
      <class name="Test.TC_009_HotelBookingConfirmation_TestCase">
        <test-method is-config="true" signature="readfile()[pri:0, instance:Test.TC_009_HotelBookingConfirmation_TestCase@2a4fb17b]" started-at="2024-12-15T16:20:24 IST" name="readfile" finished-at="2024-12-15T16:20:24 IST" duration-ms="3" status="PASS">
          <reporter-output>
          </reporter-output>
        </test-method> <!-- readfile -->
        <test-method is-config="true" signature="testdetails()[pri:0, instance:Test.TC_009_HotelBookingConfirmation_TestCase@2a4fb17b]" started-at="2024-12-15T16:23:32 IST" name="testdetails" finished-at="2024-12-15T16:23:32 IST" duration-ms="2" status="PASS">
          <reporter-output>
          </reporter-output>
        </test-method> <!-- testdetails -->
        <test-method is-config="true" signature="openBookingSite()[pri:0, instance:Test.TC_009_HotelBookingConfirmation_TestCase@2a4fb17b]" started-at="2024-12-15T16:23:32 IST" name="openBookingSite" finished-at="2024-12-15T16:23:51 IST" duration-ms="19364" status="PASS">
          <reporter-output>
          </reporter-output>
        </test-method> <!-- openBookingSite -->
        <test-method signature="bookingconfirmationTestCase()[pri:0, instance:Test.TC_009_HotelBookingConfirmation_TestCase@2a4fb17b]" started-at="2024-12-15T16:23:51 IST" name="bookingconfirmationTestCase" finished-at="2024-12-15T16:24:10 IST" duration-ms="18219" status="PASS">
          <reporter-output>
          </reporter-output>
        </test-method> <!-- bookingconfirmationTestCase -->
        <test-method is-config="true" signature="closeBookingSite()[pri:0, instance:Test.TC_009_HotelBookingConfirmation_TestCase@2a4fb17b]" started-at="2024-12-15T16:24:10 IST" name="closeBookingSite" finished-at="2024-12-15T16:24:11 IST" duration-ms="1284" status="PASS">
          <reporter-output>
          </reporter-output>
        </test-method> <!-- closeBookingSite -->
      </class> <!-- Test.TC_009_HotelBookingConfirmation_TestCase -->
      <class name="Test.TC_011_HomeScreen_Switchtoforgotpass_TestCase">
        <test-method is-config="true" signature="readfile()[pri:0, instance:Test.TC_011_HomeScreen_Switchtoforgotpass_TestCase@6f1de4c7]" started-at="2024-12-15T16:20:24 IST" name="readfile" finished-at="2024-12-15T16:20:24 IST" duration-ms="1" status="PASS">
          <reporter-output>
          </reporter-output>
        </test-method> <!-- readfile -->
        <test-method is-config="true" signature="testdetails()[pri:0, instance:Test.TC_011_HomeScreen_Switchtoforgotpass_TestCase@6f1de4c7]" started-at="2024-12-15T16:24:25 IST" name="testdetails" finished-at="2024-12-15T16:24:25 IST" duration-ms="2" status="PASS">
          <reporter-output>
          </reporter-output>
        </test-method> <!-- testdetails -->
        <test-method is-config="true" signature="openBookingSite()[pri:0, instance:Test.TC_011_HomeScreen_Switchtoforgotpass_TestCase@6f1de4c7]" started-at="2024-12-15T16:24:25 IST" name="openBookingSite" finished-at="2024-12-15T16:24:36 IST" duration-ms="10622" status="PASS">
          <reporter-output>
          </reporter-output>
        </test-method> <!-- openBookingSite -->
        <test-method signature="forgotpassSwitchTestCase()[pri:0, instance:Test.TC_011_HomeScreen_Switchtoforgotpass_TestCase@6f1de4c7]" started-at="2024-12-15T16:24:36 IST" name="forgotpassSwitchTestCase" finished-at="2024-12-15T16:24:39 IST" duration-ms="3384" status="PASS">
          <reporter-output>
          </reporter-output>
        </test-method> <!-- forgotpassSwitchTestCase -->
        <test-method is-config="true" signature="closeBookingSite()[pri:0, instance:Test.TC_011_HomeScreen_Switchtoforgotpass_TestCase@6f1de4c7]" started-at="2024-12-15T16:24:40 IST" name="closeBookingSite" finished-at="2024-12-15T16:24:41 IST" duration-ms="1367" status="PASS">
          <reporter-output>
          </reporter-output>
        </test-method> <!-- closeBookingSite -->
      </class> <!-- Test.TC_011_HomeScreen_Switchtoforgotpass_TestCase -->
      <class name="Test.TC_022_HomeScreen_Logout_TestCase">
        <test-method is-config="true" signature="readfile()[pri:0, instance:Test.TC_022_HomeScreen_Logout_TestCase@48f2bd5b]" started-at="2024-12-15T16:20:24 IST" name="readfile" finished-at="2024-12-15T16:20:24 IST" duration-ms="2" status="PASS">
          <reporter-output>
          </reporter-output>
        </test-method> <!-- readfile -->
        <test-method is-config="true" signature="testdetails()[pri:0, instance:Test.TC_022_HomeScreen_Logout_TestCase@48f2bd5b]" started-at="2024-12-15T16:27:34 IST" name="testdetails" finished-at="2024-12-15T16:27:34 IST" duration-ms="1" status="PASS">
          <reporter-output>
          </reporter-output>
        </test-method> <!-- testdetails -->
        <test-method is-config="true" signature="openBookingSite()[pri:0, instance:Test.TC_022_HomeScreen_Logout_TestCase@48f2bd5b]" started-at="2024-12-15T16:27:34 IST" name="openBookingSite" finished-at="2024-12-15T16:27:46 IST" duration-ms="12813" status="PASS">
          <reporter-output>
          </reporter-output>
        </test-method> <!-- openBookingSite -->
        <test-method signature="afterloginlogoutcheckTestCase()[pri:0, instance:Test.TC_022_HomeScreen_Logout_TestCase@48f2bd5b]" started-at="2024-12-15T16:27:46 IST" name="afterloginlogoutcheckTestCase" finished-at="2024-12-15T16:27:53 IST" duration-ms="6555" status="PASS">
          <reporter-output>
          </reporter-output>
        </test-method> <!-- afterloginlogoutcheckTestCase -->
        <test-method is-config="true" signature="closeBookingSite()[pri:0, instance:Test.TC_022_HomeScreen_Logout_TestCase@48f2bd5b]" started-at="2024-12-15T16:27:53 IST" name="closeBookingSite" finished-at="2024-12-15T16:27:54 IST" duration-ms="864" status="PASS">
          <reporter-output>
          </reporter-output>
        </test-method> <!-- closeBookingSite -->
      </class> <!-- Test.TC_022_HomeScreen_Logout_TestCase -->
      <class name="Test.TC_020_ChangePass_PassChangeConfirmation_TestCase">
        <test-method is-config="true" signature="readfile()[pri:0, instance:Test.TC_020_ChangePass_PassChangeConfirmation_TestCase@4c583ecf]" started-at="2024-12-15T16:20:24 IST" name="readfile" finished-at="2024-12-15T16:20:24 IST" duration-ms="1" status="PASS">
          <reporter-output>
          </reporter-output>
        </test-method> <!-- readfile -->
        <test-method is-config="true" signature="testdetails()[pri:0, instance:Test.TC_020_ChangePass_PassChangeConfirmation_TestCase@4c583ecf]" started-at="2024-12-15T16:26:49 IST" name="testdetails" finished-at="2024-12-15T16:26:49 IST" duration-ms="1" status="PASS">
          <reporter-output>
          </reporter-output>
        </test-method> <!-- testdetails -->
        <test-method is-config="true" signature="openBookingSite()[pri:0, instance:Test.TC_020_ChangePass_PassChangeConfirmation_TestCase@4c583ecf]" started-at="2024-12-15T16:26:49 IST" name="openBookingSite" finished-at="2024-12-15T16:27:00 IST" duration-ms="11586" status="PASS">
          <reporter-output>
          </reporter-output>
        </test-method> <!-- openBookingSite -->
        <test-method signature="WrongconfirmpassVerificationTestCase()[pri:0, instance:Test.TC_020_ChangePass_PassChangeConfirmation_TestCase@4c583ecf]" started-at="2024-12-15T16:27:00 IST" name="WrongconfirmpassVerificationTestCase" finished-at="2024-12-15T16:27:13 IST" duration-ms="13069" status="PASS">
          <reporter-output>
          </reporter-output>
        </test-method> <!-- WrongconfirmpassVerificationTestCase -->
        <test-method is-config="true" signature="closeBookingSite()[pri:0, instance:Test.TC_020_ChangePass_PassChangeConfirmation_TestCase@4c583ecf]" started-at="2024-12-15T16:27:14 IST" name="closeBookingSite" finished-at="2024-12-15T16:27:16 IST" duration-ms="2063" status="PASS">
          <reporter-output>
          </reporter-output>
        </test-method> <!-- closeBookingSite -->
      </class> <!-- Test.TC_020_ChangePass_PassChangeConfirmation_TestCase -->
      <class name="Test.TC_014_BookedScreen_Removeone_TestCase">
        <test-method is-config="true" signature="readfile()[pri:0, instance:Test.TC_014_BookedScreen_Removeone_TestCase@459e9125]" started-at="2024-12-15T16:20:24 IST" name="readfile" finished-at="2024-12-15T16:20:24 IST" duration-ms="1" status="PASS">
          <reporter-output>
          </reporter-output>
        </test-method> <!-- readfile -->
        <test-method is-config="true" signature="testdetails()[pri:0, instance:Test.TC_014_BookedScreen_Removeone_TestCase@459e9125]" started-at="2024-12-15T16:24:41 IST" name="testdetails" finished-at="2024-12-15T16:24:41 IST" duration-ms="1" status="PASS">
          <reporter-output>
          </reporter-output>
        </test-method> <!-- testdetails -->
        <test-method is-config="true" signature="openBookingSite()[pri:0, instance:Test.TC_014_BookedScreen_Removeone_TestCase@459e9125]" started-at="2024-12-15T16:24:41 IST" name="openBookingSite" finished-at="2024-12-15T16:24:53 IST" duration-ms="11770" status="PASS">
          <reporter-output>
          </reporter-output>
        </test-method> <!-- openBookingSite -->
        <test-method signature="cancelselectedTestCase()[pri:0, instance:Test.TC_014_BookedScreen_Removeone_TestCase@459e9125]" started-at="2024-12-15T16:24:53 IST" name="cancelselectedTestCase" finished-at="2024-12-15T16:24:58 IST" duration-ms="5181" status="PASS">
          <reporter-output>
          </reporter-output>
        </test-method> <!-- cancelselectedTestCase -->
        <test-method is-config="true" signature="closeBookingSite()[pri:0, instance:Test.TC_014_BookedScreen_Removeone_TestCase@459e9125]" started-at="2024-12-15T16:24:59 IST" name="closeBookingSite" finished-at="2024-12-15T16:25:01 IST" duration-ms="1755" status="PASS">
          <reporter-output>
          </reporter-output>
        </test-method> <!-- closeBookingSite -->
      </class> <!-- Test.TC_014_BookedScreen_Removeone_TestCase -->
      <class name="Test.TC_008_HotelBookingDetails_TestCase">
        <test-method is-config="true" signature="readfile()[pri:0, instance:Test.TC_008_HotelBookingDetails_TestCase@34a3d150]" started-at="2024-12-15T16:20:24 IST" name="readfile" finished-at="2024-12-15T16:20:24 IST" duration-ms="1" status="PASS">
          <reporter-output>
          </reporter-output>
        </test-method> <!-- readfile -->
        <test-method is-config="true" signature="testdetails()[pri:0, instance:Test.TC_008_HotelBookingDetails_TestCase@34a3d150]" started-at="2024-12-15T16:22:48 IST" name="testdetails" finished-at="2024-12-15T16:22:48 IST" duration-ms="1" status="PASS">
          <reporter-output>
          </reporter-output>
        </test-method> <!-- testdetails -->
        <test-method is-config="true" signature="openBookingSite()[pri:0, instance:Test.TC_008_HotelBookingDetails_TestCase@34a3d150]" started-at="2024-12-15T16:22:48 IST" name="openBookingSite" finished-at="2024-12-15T16:23:07 IST" duration-ms="18931" status="PASS">
          <reporter-output>
          </reporter-output>
        </test-method> <!-- openBookingSite -->
        <test-method signature="bookingdetailsTestCase()[pri:0, instance:Test.TC_008_HotelBookingDetails_TestCase@34a3d150]" started-at="2024-12-15T16:23:07 IST" name="bookingdetailsTestCase" finished-at="2024-12-15T16:23:29 IST" duration-ms="22103" status="PASS">
          <reporter-output>
          </reporter-output>
        </test-method> <!-- bookingdetailsTestCase -->
        <test-method is-config="true" signature="closeBookingSite()[pri:0, instance:Test.TC_008_HotelBookingDetails_TestCase@34a3d150]" started-at="2024-12-15T16:23:29 IST" name="closeBookingSite" finished-at="2024-12-15T16:23:32 IST" duration-ms="2761" status="PASS">
          <reporter-output>
          </reporter-output>
        </test-method> <!-- closeBookingSite -->
      </class> <!-- Test.TC_008_HotelBookingDetails_TestCase -->
      <class name="Test.TC_001_LoginButtonCheck_TestCase">
        <test-method is-config="true" signature="reportinitial()[pri:0, instance:Test.TC_001_LoginButtonCheck_TestCase@49e53c76]" started-at="2024-12-15T16:20:23 IST" name="reportinitial" finished-at="2024-12-15T16:20:24 IST" duration-ms="1284" status="PASS">
          <reporter-output>
          </reporter-output>
        </test-method> <!-- reportinitial -->
        <test-method is-config="true" signature="readfile()[pri:0, instance:Test.TC_001_LoginButtonCheck_TestCase@49e53c76]" started-at="2024-12-15T16:20:24 IST" name="readfile" finished-at="2024-12-15T16:20:24 IST" duration-ms="3" status="PASS">
          <reporter-output>
          </reporter-output>
        </test-method> <!-- readfile -->
        <test-method is-config="true" signature="testdetails()[pri:0, instance:Test.TC_001_LoginButtonCheck_TestCase@49e53c76]" started-at="2024-12-15T16:20:24 IST" name="testdetails" finished-at="2024-12-15T16:20:24 IST" duration-ms="37" status="PASS">
          <reporter-output>
          </reporter-output>
        </test-method> <!-- testdetails -->
        <test-method is-config="true" signature="openBookingSite()[pri:0, instance:Test.TC_001_LoginButtonCheck_TestCase@49e53c76]" started-at="2024-12-15T16:20:24 IST" name="openBookingSite" finished-at="2024-12-15T16:20:39 IST" duration-ms="14756" status="PASS">
          <reporter-output>
          </reporter-output>
        </test-method> <!-- openBookingSite -->
        <test-method signature="loginbuttoncheck()[pri:0, instance:Test.TC_001_LoginButtonCheck_TestCase@49e53c76]" started-at="2024-12-15T16:20:39 IST" name="loginbuttoncheck" finished-at="2024-12-15T16:20:39 IST" duration-ms="229" status="PASS">
          <reporter-output>
          </reporter-output>
        </test-method> <!-- loginbuttoncheck -->
        <test-method is-config="true" signature="closeBookingSite()[pri:0, instance:Test.TC_001_LoginButtonCheck_TestCase@49e53c76]" started-at="2024-12-15T16:20:40 IST" name="closeBookingSite" finished-at="2024-12-15T16:20:41 IST" duration-ms="947" status="PASS">
          <reporter-output>
          </reporter-output>
        </test-method> <!-- closeBookingSite -->
        <test-method is-config="true" signature="reportclose()[pri:0, instance:Test.TC_001_LoginButtonCheck_TestCase@49e53c76]" started-at="2024-12-15T16:28:15 IST" name="reportclose" finished-at="2024-12-15T16:28:17 IST" duration-ms="2058" status="PASS">
          <reporter-output>
          </reporter-output>
        </test-method> <!-- reportclose -->
      </class> <!-- Test.TC_001_LoginButtonCheck_TestCase -->
      <class name="Test.TC_005_HotelSearchMandatoryFileds_TestCase">
        <test-method is-config="true" signature="readfile()[pri:0, instance:Test.TC_005_HotelSearchMandatoryFileds_TestCase@4562e04d]" started-at="2024-12-15T16:20:24 IST" name="readfile" finished-at="2024-12-15T16:20:24 IST" duration-ms="1" status="PASS">
          <reporter-output>
          </reporter-output>
        </test-method> <!-- readfile -->
        <test-method is-config="true" signature="testdetails()[pri:0, instance:Test.TC_005_HotelSearchMandatoryFileds_TestCase@4562e04d]" started-at="2024-12-15T16:21:49 IST" name="testdetails" finished-at="2024-12-15T16:21:49 IST" duration-ms="3" status="PASS">
          <reporter-output>
          </reporter-output>
        </test-method> <!-- testdetails -->
        <test-method is-config="true" signature="openBookingSite()[pri:0, instance:Test.TC_005_HotelSearchMandatoryFileds_TestCase@4562e04d]" started-at="2024-12-15T16:21:49 IST" name="openBookingSite" finished-at="2024-12-15T16:22:00 IST" duration-ms="11510" status="PASS">
          <reporter-output>
          </reporter-output>
        </test-method> <!-- openBookingSite -->
        <test-method signature="mandatoryfields()[pri:0, instance:Test.TC_005_HotelSearchMandatoryFileds_TestCase@4562e04d]" started-at="2024-12-15T16:22:00 IST" name="mandatoryfields" finished-at="2024-12-15T16:22:07 IST" duration-ms="7095" status="PASS">
          <reporter-output>
          </reporter-output>
        </test-method> <!-- mandatoryfields -->
        <test-method is-config="true" signature="closeBookingSite()[pri:0, instance:Test.TC_005_HotelSearchMandatoryFileds_TestCase@4562e04d]" started-at="2024-12-15T16:22:08 IST" name="closeBookingSite" finished-at="2024-12-15T16:22:09 IST" duration-ms="1050" status="PASS">
          <reporter-output>
          </reporter-output>
        </test-method> <!-- closeBookingSite -->
      </class> <!-- Test.TC_005_HotelSearchMandatoryFileds_TestCase -->
      <class name="Test.TC_002_LoginSuccessfullCheck_TestCase">
        <test-method is-config="true" signature="readfile()[pri:0, instance:Test.TC_002_LoginSuccessfullCheck_TestCase@145f66e3]" started-at="2024-12-15T16:20:24 IST" name="readfile" finished-at="2024-12-15T16:20:24 IST" duration-ms="2" status="PASS">
          <reporter-output>
          </reporter-output>
        </test-method> <!-- readfile -->
        <test-method is-config="true" signature="testdetails()[pri:0, instance:Test.TC_002_LoginSuccessfullCheck_TestCase@145f66e3]" started-at="2024-12-15T16:20:41 IST" name="testdetails" finished-at="2024-12-15T16:20:41 IST" duration-ms="1" status="PASS">
          <reporter-output>
          </reporter-output>
        </test-method> <!-- testdetails -->
        <test-method is-config="true" signature="openBookingSite()[pri:0, instance:Test.TC_002_LoginSuccessfullCheck_TestCase@145f66e3]" started-at="2024-12-15T16:20:41 IST" name="openBookingSite" finished-at="2024-12-15T16:20:54 IST" duration-ms="12063" status="PASS">
          <reporter-output>
          </reporter-output>
        </test-method> <!-- openBookingSite -->
        <test-method signature="loginconfirmation()[pri:0, instance:Test.TC_002_LoginSuccessfullCheck_TestCase@145f66e3]" started-at="2024-12-15T16:20:54 IST" name="loginconfirmation" finished-at="2024-12-15T16:20:59 IST" duration-ms="5160" status="PASS">
          <reporter-output>
          </reporter-output>
        </test-method> <!-- loginconfirmation -->
        <test-method is-config="true" signature="closeBookingSite()[pri:0, instance:Test.TC_002_LoginSuccessfullCheck_TestCase@145f66e3]" started-at="2024-12-15T16:20:59 IST" name="closeBookingSite" finished-at="2024-12-15T16:21:00 IST" duration-ms="721" status="PASS">
          <reporter-output>
          </reporter-output>
        </test-method> <!-- closeBookingSite -->
      </class> <!-- Test.TC_002_LoginSuccessfullCheck_TestCase -->
      <class name="Test.TC_015_BookedToSearchHotel_TestCase">
        <test-method is-config="true" signature="readfile()[pri:0, instance:Test.TC_015_BookedToSearchHotel_TestCase@128d2484]" started-at="2024-12-15T16:20:24 IST" name="readfile" finished-at="2024-12-15T16:20:24 IST" duration-ms="1" status="PASS">
          <reporter-output>
          </reporter-output>
        </test-method> <!-- readfile -->
        <test-method is-config="true" signature="testdetails()[pri:0, instance:Test.TC_015_BookedToSearchHotel_TestCase@128d2484]" started-at="2024-12-15T16:25:01 IST" name="testdetails" finished-at="2024-12-15T16:25:01 IST" duration-ms="1" status="PASS">
          <reporter-output>
          </reporter-output>
        </test-method> <!-- testdetails -->
        <test-method is-config="true" signature="openBookingSite()[pri:0, instance:Test.TC_015_BookedToSearchHotel_TestCase@128d2484]" started-at="2024-12-15T16:25:01 IST" name="openBookingSite" finished-at="2024-12-15T16:25:12 IST" duration-ms="10863" status="PASS">
          <reporter-output>
          </reporter-output>
        </test-method> <!-- openBookingSite -->
        <test-method signature="switchtoSearchHotelTestCase()[pri:0, instance:Test.TC_015_BookedToSearchHotel_TestCase@128d2484]" started-at="2024-12-15T16:25:12 IST" name="switchtoSearchHotelTestCase" finished-at="2024-12-15T16:25:17 IST" duration-ms="4986" status="PASS">
          <reporter-output>
          </reporter-output>
        </test-method> <!-- switchtoSearchHotelTestCase -->
        <test-method is-config="true" signature="closeBookingSite()[pri:0, instance:Test.TC_015_BookedToSearchHotel_TestCase@128d2484]" started-at="2024-12-15T16:25:18 IST" name="closeBookingSite" finished-at="2024-12-15T16:25:18 IST" duration-ms="645" status="PASS">
          <reporter-output>
          </reporter-output>
        </test-method> <!-- closeBookingSite -->
      </class> <!-- Test.TC_015_BookedToSearchHotel_TestCase -->
    </test> <!-- Test -->
  </suite> <!-- Suite -->
</testng-results>
